Arguments: 
  /Users/ain/Desktop/.nvm/versions/node/v14.17.5/bin/node /usr/local/bin/yarn add stc-watch

PATH: 
  /Users/ain/Desktop/.nvm/versions/node/v14.17.5/bin:/Library/Frameworks/Python.framework/Versions/3.9/bin:/usr/local/bin:/usr/bin:/bin:/usr/sbin:/sbin:/Library/Apple/usr/bin:/Users/ain/Desktop/miniconda3/bin:/Users/ain/Desktop/miniconda3/condabin:/Users/ain/Desktop/.nvm/versions/node/v14.17.5/bin:/Library/Frameworks/Python.framework/Versions/3.9/bin

Yarn version: 
  1.22.11

Node version: 
  14.17.5

Platform: 
  darwin x64

Trace: 
  Error: https://registry.npmjs.org/stc-watch: Not found
      at Request.params.callback [as _callback] (/usr/local/lib/node_modules/yarn/lib/cli.js:66992:18)
      at Request.self.callback (/usr/local/lib/node_modules/yarn/lib/cli.js:140763:22)
      at Request.emit (events.js:400:28)
      at Request.<anonymous> (/usr/local/lib/node_modules/yarn/lib/cli.js:141735:10)
      at Request.emit (events.js:400:28)
      at IncomingMessage.<anonymous> (/usr/local/lib/node_modules/yarn/lib/cli.js:141657:12)
      at Object.onceWrapper (events.js:519:28)
      at IncomingMessage.emit (events.js:412:35)
      at endReadableNT (internal/streams/readable.js:1317:12)
      at processTicksAndRejections (internal/process/task_queues.js:82:21)

npm manifest: 
  {
      "name": "typechain",
      "version": "1.0.0",
      "description": "Learning Typescript by making a Blockchain with it",
      "main": "index.js",
      "repository": "https://github.com/nomadcoders/typechain",
      "author": "oguuk",
      "license": "MIT",
      "scripts": {
          "start": "node index.js",
          "prestart": "tsc" 
      }
  }

yarn manifest: 
  No manifest

Lockfile: 
  No lockfile
